Feb 17 17:22:18 auth-worker(18): Error: conn unix:auth-worker (pid=17,uid=100): auth-worker<1>: sql(info@koczka.eu,193.225.35.215,<jl9FUAhL3trB4SPX>): Invalid password in passdb: Not a valid MD5-CRYPT or PLAIN-MD5 password
Feb 17 17:26:20 master: Warning: Killed with signal 15 (by pid=0 uid=0 code=kill)
Feb 17 17:27:44 pop3(info@koczka.eu): Error: Mail access for users with UID 90 not permitted (see first_valid_uid in config file, uid from userdb lookup).
Feb 17 17:31:18 master: Warning: Killed with signal 15 (by pid=0 uid=0 code=kill)
Feb 17 17:31:36 auth-worker(18): Error: conn unix:auth-worker (pid=17,uid=100): auth-worker<1>: sql(info@koczka.eu,192.168.240.1,<euJ+cQhL1LnAqPAB>): Password query failed: near "password_query": syntax error
Feb 17 17:32:06 master: Warning: Killed with signal 15 (by pid=0 uid=0 code=kill)
Feb 17 17:32:28 auth-worker(18): Error: conn unix:auth-worker (pid=17,uid=100): auth-worker<1>: sql(info@koczka.eu,172.18.0.1,<0wqedAhLAsKsEgAB>): Password query failed: near "password_query": syntax error
Feb 17 17:32:41 master: Warning: Killed with signal 15 (by pid=0 uid=0 code=kill)
Feb 17 17:34:44 pop3(info@koczka.eu): Error: Mail access for users with UID 90 not permitted (see first_valid_uid in config file, uid from userdb lookup).
Feb 17 17:35:34 master: Warning: Killed with signal 15 (by pid=0 uid=0 code=kill)
Feb 17 17:35:50 pop3(info@koczka.eu)<19><SjmggAhLxtSsFAAB>: Error: mkdir(/var/mail/koczka.eu/info/Maildir) failed: Permission denied (euid=90(vmail) egid=90(vmail) missing +w perm: /var/mail, dir owned by 0:0 mode=0755)
Feb 17 17:35:50 pop3(info@koczka.eu)<19><SjmggAhLxtSsFAAB>: Error: mkdir(/var/mail/koczka.eu/info/Maildir) failed: Permission denied (euid=90(vmail) egid=90(vmail) missing +w perm: /var/mail, dir owned by 0:0 mode=0755)
Feb 17 17:35:50 pop3(info@koczka.eu)<19><SjmggAhLxtSsFAAB>: Error: Mailbox INBOX: Failed to autocreate mailbox: Internal error occurred. Refer to server log for more information. [2026-02-17 17:35:50]
Feb 17 17:35:50 pop3(info@koczka.eu)<19><SjmggAhLxtSsFAAB>: Error: Couldn't open INBOX: Mailbox INBOX: Failed to autocreate mailbox: Internal error occurred. Refer to server log for more information. [2026-02-17 17:35:50]
Feb 17 17:38:32 master: Warning: Killed with signal 15 (by pid=0 uid=0 code=kill)
Feb 17 17:39:45 master: Warning: Killed with signal 15 (by pid=0 uid=0 code=kill)
Feb 17 17:47:21 master: Warning: Killed with signal 15 (by pid=0 uid=0 code=kill)
Feb 17 17:58:06 master: Warning: Killed with signal 15 (by pid=0 uid=0 code=kill)
Feb 17 18:08:23 master: Warning: Killed with signal 15 (by pid=0 uid=0 code=kill)
Feb 17 18:08:30 master: Fatal: service(lmtp) User doesn't exist: 90 (See service lmtp { unix_listener /run/dovecot/lmtp { user } } setting)
Feb 17 18:08:31 master: Fatal: service(lmtp) User doesn't exist: 90 (See service lmtp { unix_listener /run/dovecot/lmtp { user } } setting)
Feb 17 18:08:32 master: Fatal: service(lmtp) User doesn't exist: 90 (See service lmtp { unix_listener /run/dovecot/lmtp { user } } setting)
Feb 17 18:08:33 master: Fatal: service(lmtp) User doesn't exist: 90 (See service lmtp { unix_listener /run/dovecot/lmtp { user } } setting)
Feb 17 18:08:34 master: Fatal: service(lmtp) User doesn't exist: 90 (See service lmtp { unix_listener /run/dovecot/lmtp { user } } setting)
Feb 17 18:08:37 master: Fatal: service(lmtp) User doesn't exist: 90 (See service lmtp { unix_listener /run/dovecot/lmtp { user } } setting)
Feb 17 18:08:40 master: Fatal: service(lmtp) User doesn't exist: 90 (See service lmtp { unix_listener /run/dovecot/lmtp { user } } setting)
Feb 17 18:08:47 master: Fatal: service(lmtp) User doesn't exist: 90 (See service lmtp { unix_listener /run/dovecot/lmtp { user } } setting)
Feb 17 18:09:01 master: Fatal: service(lmtp) User doesn't exist: 90 (See service lmtp { unix_listener /run/dovecot/lmtp { user } } setting)
Feb 17 18:09:27 master: Fatal: service(lmtp) User doesn't exist: 90 (See service lmtp { unix_listener /run/dovecot/lmtp { user } } setting)
Feb 17 18:10:19 master: Fatal: service(lmtp) User doesn't exist: 90 (See service lmtp { unix_listener /run/dovecot/lmtp { user } } setting)
Feb 17 18:12:06 master: Warning: Killed with signal 15 (by pid=0 uid=0 code=kill)
Feb 17 18:12:43 master: Fatal: service(lmtp) User doesn't exist: 90 (See service lmtp { unix_listener /run/dovecot/lmtp { user } } setting)
Feb 17 18:12:44 master: Fatal: service(lmtp) User doesn't exist: 90 (See service lmtp { unix_listener /run/dovecot/lmtp { user } } setting)
Feb 17 18:12:45 master: Fatal: service(lmtp) User doesn't exist: 90 (See service lmtp { unix_listener /run/dovecot/lmtp { user } } setting)
Feb 17 18:12:46 master: Fatal: service(lmtp) User doesn't exist: 90 (See service lmtp { unix_listener /run/dovecot/lmtp { user } } setting)
Feb 17 18:12:47 master: Fatal: service(lmtp) User doesn't exist: 90 (See service lmtp { unix_listener /run/dovecot/lmtp { user } } setting)
Feb 17 18:12:50 master: Fatal: service(lmtp) User doesn't exist: 90 (See service lmtp { unix_listener /run/dovecot/lmtp { user } } setting)
Feb 17 18:12:53 master: Fatal: service(lmtp) User doesn't exist: 90 (See service lmtp { unix_listener /run/dovecot/lmtp { user } } setting)
Feb 17 18:13:00 master: Fatal: service(lmtp) User doesn't exist: 90 (See service lmtp { unix_listener /run/dovecot/lmtp { user } } setting)
Feb 17 18:13:14 master: Fatal: service(lmtp) User doesn't exist: 90 (See service lmtp { unix_listener /run/dovecot/lmtp { user } } setting)
Feb 17 18:13:40 master: Fatal: service(lmtp) User doesn't exist: 90 (See service lmtp { unix_listener /run/dovecot/lmtp { user } } setting)
Feb 17 18:14:00 master: Fatal: service(lmtp) User doesn't exist: 90 (See service lmtp { unix_listener /run/dovecot/lmtp { user } } setting)
Feb 17 18:14:02 master: Fatal: service(lmtp) User doesn't exist: 90 (See service lmtp { unix_listener /run/dovecot/lmtp { user } } setting)
Feb 17 18:14:03 master: Fatal: service(lmtp) User doesn't exist: 90 (See service lmtp { unix_listener /run/dovecot/lmtp { user } } setting)
Feb 17 18:14:04 master: Fatal: service(lmtp) User doesn't exist: 90 (See service lmtp { unix_listener /run/dovecot/lmtp { user } } setting)
Feb 17 18:14:05 master: Fatal: service(lmtp) User doesn't exist: 90 (See service lmtp { unix_listener /run/dovecot/lmtp { user } } setting)
Feb 17 18:14:07 master: Fatal: service(lmtp) User doesn't exist: 90 (See service lmtp { unix_listener /run/dovecot/lmtp { user } } setting)
Feb 17 18:14:11 master: Fatal: service(lmtp) User doesn't exist: 90 (See service lmtp { unix_listener /run/dovecot/lmtp { user } } setting)
Feb 17 18:14:18 master: Fatal: service(lmtp) User doesn't exist: 90 (See service lmtp { unix_listener /run/dovecot/lmtp { user } } setting)
Feb 17 18:14:32 master: Fatal: service(lmtp) User doesn't exist: 90 (See service lmtp { unix_listener /run/dovecot/lmtp { user } } setting)
Feb 17 18:14:47 auth-worker(20): Error: conn unix:auth-worker (pid=19,uid=100): auth-worker<2>: sql(info@koczka.eu,5.189.184.116,<UGvwCwlLnJIFvbh0>): User query failed: no such column: quotasize
Feb 17 18:14:47 pop3(21): Error: auth-master: login: request [3555196929]: Login auth request failed: Internal auth failure (auth connected 1 msecs ago, request took 0 msecs, client-pid=17 client-id=1)
Feb 17 18:14:48 auth-worker(20): Error: conn unix:auth-worker (pid=19,uid=100): auth-worker<4>: sql(info@koczka.eu,5.189.184.116,<WKsBDAlL2OwFvbh0>): User query failed: no such column: quotasize
Feb 17 18:14:48 pop3(23): Error: auth-master: login: request [3144024065]: Login auth request failed: Internal auth failure (auth connected 1 msecs ago, request took 0 msecs, client-pid=22 client-id=1)
Feb 17 18:14:48 auth-worker(20): Error: conn unix:auth-worker (pid=19,uid=100): auth-worker<6>: sql(info@koczka.eu,5.189.184.116,<vysEDAlLGsIFvbh0>): User query failed: no such column: quotasize
Feb 17 18:14:48 imap(25): Error: auth-master: login: request [2505965569]: Login auth request failed: Internal auth failure (auth connected 2 msecs ago, request took 2 msecs, client-pid=24 client-id=1)
Feb 17 18:14:49 auth-worker(20): Error: conn unix:auth-worker (pid=19,uid=100): auth-worker<8>: sql(info@koczka.eu,5.189.184.116,<AUcTDAlLTqUFvbh0>): User query failed: no such column: quotasize
Feb 17 18:14:49 imap(27): Error: auth-master: login: request [3652190209]: Login auth request failed: Internal auth failure (auth connected 1 msecs ago, request took 1 msecs, client-pid=26 client-id=1)
Feb 17 18:15:03 auth-worker(20): Error: conn unix:auth-worker (pid=19,uid=100): auth-worker<10>: sql(info@koczka.eu,5.189.184.116,<q8DpDAlLZqsFvbh0>): User query failed: no such column: quotasize
Feb 17 18:15:03 pop3(29): Error: auth-master: login: request [3255697409]: Login auth request failed: Internal auth failure (auth connected 1 msecs ago, request took 1 msecs, client-pid=28 client-id=1)
Feb 17 18:15:04 auth-worker(20): Error: conn unix:auth-worker (pid=19,uid=100): auth-worker<12>: sql(info@koczka.eu,5.189.184.116,<eLv7DAlLsIYFvbh0>): User query failed: no such column: quotasize
Feb 17 18:15:04 pop3(31): Error: auth-master: login: request [3363307521]: Login auth request failed: Internal auth failure (auth connected 1 msecs ago, request took 1 msecs, client-pid=30 client-id=1)
Feb 17 18:15:05 auth-worker(20): Error: conn unix:auth-worker (pid=19,uid=100): auth-worker<14>: sql(info@koczka.eu,5.189.184.116,<IdL9DAlLZosFvbh0>): User query failed: no such column: quotasize
Feb 17 18:15:05 imap(33): Error: auth-master: login: request [315883521]: Login auth request failed: Internal auth failure (auth connected 2 msecs ago, request took 2 msecs, client-pid=32 client-id=1)
Feb 17 18:15:06 auth-worker(20): Error: conn unix:auth-worker (pid=19,uid=100): auth-worker<16>: sql(info@koczka.eu,5.189.184.116,<lY8ODQlLsNQFvbh0>): User query failed: no such column: quotasize
Feb 17 18:15:06 imap(35): Error: auth-master: login: request [1718091777]: Login auth request failed: Internal auth failure (auth connected 1 msecs ago, request took 1 msecs, client-pid=34 client-id=1)
Feb 17 18:15:43 auth-worker(20): Error: conn unix:auth-worker (pid=19,uid=100): auth-worker<18>: sql(info@koczka.eu,5.189.184.116,<KgxDDwlL1pgFvbh0>): User query failed: no such column: quotasize
Feb 17 18:15:43 pop3(37): Error: auth-master: login: request [691929089]: Login auth request failed: Internal auth failure (auth connected 1 msecs ago, request took 0 msecs, client-pid=36 client-id=1)
Feb 17 18:15:44 auth-worker(20): Error: conn unix:auth-worker (pid=19,uid=100): auth-worker<20>: sql(info@koczka.eu,5.189.184.116,<JflTDwlLnIcFvbh0>): User query failed: no such column: quotasize
Feb 17 18:15:44 pop3(39): Error: auth-master: login: request [826540033]: Login auth request failed: Internal auth failure (auth connected 0 msecs ago, request took 0 msecs, client-pid=38 client-id=1)
Feb 17 18:15:44 auth-worker(20): Error: conn unix:auth-worker (pid=19,uid=100): auth-worker<22>: sql(info@koczka.eu,5.189.184.116,<44RUDwlLEqUFvbh0>): User query failed: no such column: quotasize
Feb 17 18:15:44 imap(41): Error: auth-master: login: request [1172439041]: Login auth request failed: Internal auth failure (auth connected 0 msecs ago, request took 0 msecs, client-pid=40 client-id=1)
Feb 17 18:15:45 auth-worker(20): Error: conn unix:auth-worker (pid=19,uid=100): auth-worker<24>: sql(info@koczka.eu,5.189.184.116,<d3VlDwlLbokFvbh0>): User query failed: no such column: quotasize
Feb 17 18:15:45 imap(43): Error: auth-master: login: request [200015873]: Login auth request failed: Internal auth failure (auth connected 1 msecs ago, request took 1 msecs, client-pid=42 client-id=1)
Feb 17 18:15:51 master: Warning: Killed with signal 15 (by pid=0 uid=0 code=kill)
Feb 17 18:18:06 pop3(20): Error: Failed to expand plugin setting quota_rule2 = '*:storage=%{userdb_quota}': Unknown variable '%userdb_quota'
Feb 17 18:18:06 imap(22): Error: Failed to expand plugin setting quota_rule2 = '*:storage=%{userdb_quota}': Unknown variable '%userdb_quota'
Feb 17 18:18:07 imap(24): Error: Failed to expand plugin setting quota_rule2 = '*:storage=%{userdb_quota}': Unknown variable '%userdb_quota'
Feb 17 18:18:15 pop3(26): Error: Failed to expand plugin setting quota_rule2 = '*:storage=%{userdb_quota}': Unknown variable '%userdb_quota'
Feb 17 18:18:16 pop3(28): Error: Failed to expand plugin setting quota_rule2 = '*:storage=%{userdb_quota}': Unknown variable '%userdb_quota'
Feb 17 18:18:16 imap(30): Error: Failed to expand plugin setting quota_rule2 = '*:storage=%{userdb_quota}': Unknown variable '%userdb_quota'
Feb 17 18:18:17 imap(32): Error: Failed to expand plugin setting quota_rule2 = '*:storage=%{userdb_quota}': Unknown variable '%userdb_quota'
Feb 17 18:21:04 master: Warning: Killed with signal 15 (by pid=0 uid=0 code=kill)
Feb 17 18:39:01 master: Warning: Killed with signal 15 (by pid=0 uid=0 code=kill)
Feb 17 18:41:48 master: Warning: Killed with signal 15 (by pid=0 uid=0 code=kill)
Feb 17 18:47:36 master: Warning: Killed with signal 15 (by pid=0 uid=0 code=kill)
Feb 17 18:48:08 master: Warning: Killed with signal 15 (by pid=0 uid=0 code=kill)
Feb 17 18:49:32 master: Warning: Killed with signal 15 (by pid=0 uid=0 code=kill)
Feb 17 18:51:40 master: Warning: Killed with signal 15 (by pid=0 uid=0 code=kill)
